2025-12-08 04:42:35, MOVE, v:1, k:poo@zoo, mode:PICK
2025-12-08 04:42:37, EXEC, v:1, k:poo@zoo, mode:LOCK, rate:100, size:15
2025-12-08 04:42:38, EXEC, v:1, k:poo@zoo, mode:LOCK, rate:100
2025-12-08 04:42:39, EXEC, v:1, k:poo@zoo, mode:LOCK, rate:100
2025-12-08 04:44:28, MOVE, v:1, k:poo@zoo, mode:BACK
2025-12-08 04:45:08, MOVE, v:1, k:poo@pagamento, mode:DOWN
2025-12-08 04:45:38, MOVE, v:1, k:poo@pagamento, mode:PICK
2025-12-08 04:45:39, EXEC, v:1, k:poo@pagamento, mode:LOCK, rate:100, size:0
2025-12-08 04:45:40, MOVE, v:1, k:poo@pagamento, mode:BACK
2025-12-08 04:45:45, MOVE, v:1, k:poo@estacionamento, mode:DOWN
2025-12-08 04:45:52, MOVE, v:1, k:poo@estacionamento, mode:PICK
2025-12-08 04:45:53, EXEC, v:1, k:poo@estacionamento, mode:FULL, rate:0, size:0
2025-12-08 19:31:54, MOVE, v:1, k:poo@zoo, mode:PICK
2025-12-08 19:31:54, EXEC, v:1, k:poo@zoo, mode:LOCK, rate:0, size:11
2025-12-08 19:31:55, EXEC, v:1, k:poo@zoo, mode:LOCK, rate:0
2025-12-08 19:41:41, EXEC, v:1, k:poo@zoo, mode:LOCK, rate:100, size:39
2025-12-08 19:41:47, EXEC, v:1, k:poo@zoo, mode:LOCK, rate:100
2025-12-08 19:44:28, EXEC, v:1, k:poo@zoo, mode:LOCK, rate:100, size:44
2025-12-08 19:44:30, EXEC, v:1, k:poo@zoo, mode:LOCK, rate:100
2025-12-08 19:44:31, EXEC, v:1, k:poo@zoo, mode:FREE
2025-12-08 19:45:05, EXEC, v:1, k:poo@zoo, mode:LOCK, rate:100
2025-12-08 19:45:06, EXEC, v:1, k:poo@zoo, mode:LOCK, rate:100
2025-12-08 19:45:45, EXEC, v:1, k:poo@zoo, mode:LOCK, rate:0, size:47
2025-12-08 19:45:51, EXEC, v:1, k:poo@zoo, mode:LOCK, rate:0, size:47
2025-12-08 19:46:31, EXEC, v:1, k:poo@zoo, mode:LOCK, rate:0, size:49
2025-12-08 19:46:58, EXEC, v:1, k:poo@zoo, mode:LOCK, rate:0
2025-12-08 19:47:05, EXEC, v:1, k:poo@zoo, mode:LOCK, rate:0, size:49
2025-12-08 19:47:52, EXEC, v:1, k:poo@zoo, mode:LOCK, rate:0, size:49
2025-12-08 19:48:01, EXEC, v:1, k:poo@zoo, mode:LOCK, rate:0, size:49
2025-12-08 19:48:38, EXEC, v:1, k:poo@zoo, mode:LOCK, rate:0, size:49
2025-12-08 19:50:29, EXEC, v:1, k:poo@zoo, mode:LOCK, rate:0, size:49
2025-12-08 19:51:08, EXEC, v:1, k:poo@zoo, mode:LOCK, rate:0, size:49
2025-12-08 19:53:18, EXEC, v:1, k:poo@zoo, mode:LOCK, rate:0, size:58
2025-12-08 19:53:59, EXEC, v:1, k:poo@zoo, mode:LOCK, rate:0, size:59
2025-12-08 19:54:07, EXEC, v:1, k:poo@zoo, mode:LOCK, rate:0, size:59
2025-12-08 19:55:00, EXEC, v:1, k:poo@zoo, mode:LOCK, rate:0, size:59
2025-12-08 19:57:21, EXEC, v:1, k:poo@zoo, mode:LOCK, rate:0, size:69
2025-12-08 19:59:48, EXEC, v:1, k:poo@zoo, mode:LOCK, rate:0, size:79
2025-12-08 20:00:48, MOVE, v:1, k:poo@zoo, mode:BACK
